<?xml version="1.0" encoding="utf-8"?><testsuites name="pytest tests"><testsuite name="pytest" errors="0" failures="1" skipped="0" tests="7" time="2.340" timestamp="2026-06-27T08:56:16.453006+00:00" hostname="agent-env-01dc6193-9f03-410e-9b73-4b3e33ac5ddf"><testcase classname="tests.test_regression_iteration4" name="test_api_health" time="0.294" /><testcase classname="tests.test_regression_iteration4" name="test_admin_login" time="0.361" /><testcase classname="tests.test_regression_iteration4" name="test_admin_login_wrong_password" time="0.375" /><testcase classname="tests.test_regression_iteration4" name="test_admin_stats_structure" time="0.444" /><testcase classname="tests.test_regression_iteration4" name="test_admin_stats_without_auth" time="0.120" /><testcase classname="tests.test_regression_iteration4" name="test_get_services" time="0.123" /><testcase classname="tests.test_regression_iteration4" name="test_create_booking" time="0.091"><failure message="AssertionError: Booking failed: {&quot;detail&quot;:[{&quot;type&quot;:&quot;missing&quot;,&quot;loc&quot;:[&quot;body&quot;,&quot;location&quot;],&quot;msg&quot;:&quot;Field required&quot;,&quot;input&quot;:{&quot;service&quot;:&quot;Home Deep Cleaning&quot;,&quot;propertyType&quot;:&quot;1 BHK&quot;,&quot;date&quot;:&quot;2026-09-01&quot;,&quot;timeSlot&quot;:&quot;10:00 AM&quot;,&quot;customerName&quot;:&quot;TEST_User Regression&quot;,&quot;phone&quot;:&quot;+919999999999&quot;,&quot;email&quot;:&quot;test_regression@example.com&quot;,&quot;address&quot;:&quot;TEST 101, Test Street&quot;,&quot;area&quot;:&quot;Baner&quot;,&quot;totalPrice&quot;:4129,&quot;paymentMethod&quot;:&quot;cash&quot;},&quot;url&quot;:&quot;https://errors.pydantic.dev/2.13/v/missing&quot;},{&quot;type&quot;:&quot;missing&quot;,&quot;loc&quot;:[&quot;body&quot;,&quot;time&quot;],&quot;msg&quot;:&quot;Field required&quot;,&quot;input&quot;:{&quot;service&quot;:&quot;Home Deep Cleaning&quot;,&quot;propertyType&quot;:&quot;1 BHK&quot;,&quot;date&quot;:&quot;2026-09-01&quot;,&quot;timeSlot&quot;:&quot;10:00 AM&quot;,&quot;customerName&quot;:&quot;TEST_User Regression&quot;,&quot;phone&quot;:&quot;+919999999999&quot;,&quot;email&quot;:&quot;test_regression@example.com&quot;,&quot;address&quot;:&quot;TEST 101, Test Street&quot;,&quot;area&quot;:&quot;Baner&quot;,&quot;totalPrice&quot;:4129,&quot;paymentMethod&quot;:&quot;cash&quot;},&quot;url&quot;:&quot;https://errors.pydantic.dev/2.13/v/missing&quot;},{&quot;type&quot;:&quot;missing&quot;,&quot;loc&quot;:[&quot;body&quot;,&quot;mobile&quot;],&quot;msg&quot;:&quot;Field required&quot;,&quot;input&quot;:{&quot;service&quot;:&quot;Home Deep Cleaning&quot;,&quot;propertyType&quot;:&quot;1 BHK&quot;,&quot;date&quot;:&quot;2026-09-01&quot;,&quot;timeSlot&quot;:&quot;10:00 AM&quot;,&quot;customerName&quot;:&quot;TEST_User Regression&quot;,&quot;phone&quot;:&quot;+919999999999&quot;,&quot;email&quot;:&quot;test_regression@example.com&quot;,&quot;address&quot;:&quot;TEST 101, Test Street&quot;,&quot;area&quot;:&quot;Baner&quot;,&quot;totalPrice&quot;:4129,&quot;paymentMethod&quot;:&quot;cash&quot;},&quot;url&quot;:&quot;https://errors.pydantic.dev/2.13/v/missing&quot;},{&quot;type&quot;:&quot;missing&quot;,&quot;loc&quot;:[&quot;body&quot;,&quot;houseNo&quot;],&quot;msg&quot;:&quot;Field required&quot;,&quot;input&quot;:{&quot;service&quot;:&quot;Home Deep Cleaning&quot;,&quot;propertyType&quot;:&quot;1 BHK&quot;,&quot;date&quot;:&quot;2026-09-01&quot;,&quot;timeSlot&quot;:&quot;10:00 AM&quot;,&quot;customerName&quot;:&quot;TEST_User Regression&quot;,&quot;phone&quot;:&quot;+919999999999&quot;,&quot;email&quot;:&quot;test_regression@example.com&quot;,&quot;address&quot;:&quot;TEST 101, Test Street&quot;,&quot;area&quot;:&quot;Baner&quot;,&quot;totalPrice&quot;:4129,&quot;paymentMethod&quot;:&quot;cash&quot;},&quot;url&quot;:&quot;https://errors.pydantic.dev/2.13/v/missing&quot;},{&quot;type&quot;:&quot;missing&quot;,&quot;loc&quot;:[&quot;body&quot;,&quot;street&quot;],&quot;msg&quot;:&quot;Field required&quot;,&quot;input&quot;:{&quot;service&quot;:&quot;Home Deep Cleaning&quot;,&quot;propertyType&quot;:&quot;1 BHK&quot;,&quot;date&quot;:&quot;2026-09-01&quot;,&quot;timeSlot&quot;:&quot;10:00 AM&quot;,&quot;customerName&quot;:&quot;TEST_User Regression&quot;,&quot;phone&quot;:&quot;+919999999999&quot;,&quot;email&quot;:&quot;test_regression@example.com&quot;,&quot;address&quot;:&quot;TEST 101, Test Street&quot;,&quot;area&quot;:&quot;Baner&quot;,&quot;totalPrice&quot;:4129,&quot;paymentMethod&quot;:&quot;cash&quot;},&quot;url&quot;:&quot;https://errors.pydantic.dev/2.13/v/missing&quot;},{&quot;type&quot;:&quot;missing&quot;,&quot;loc&quot;:[&quot;body&quot;,&quot;pincode&quot;],&quot;msg&quot;:&quot;Field required&quot;,&quot;input&quot;:{&quot;service&quot;:&quot;Home Deep Cleaning&quot;,&quot;propertyType&quot;:&quot;1 BHK&quot;,&quot;date&quot;:&quot;2026-09-01&quot;,&quot;timeSlot&quot;:&quot;10:00 AM&quot;,&quot;customerName&quot;:&quot;TEST_User Regression&quot;,&quot;phone&quot;:&quot;+919999999999&quot;,&quot;email&quot;:&quot;test_regression@example.com&quot;,&quot;address&quot;:&quot;TEST 101, Test Street&quot;,&quot;area&quot;:&quot;Baner&quot;,&quot;totalPrice&quot;:4129,&quot;paymentMethod&quot;:&quot;cash&quot;},&quot;url&quot;:&quot;https://errors.pydantic.dev/2.13/v/missing&quot;},{&quot;type&quot;:&quot;missing&quot;,&quot;loc&quot;:[&quot;body&quot;,&quot;expectedPrice&quot;],&quot;msg&quot;:&quot;Field required&quot;,&quot;input&quot;:{&quot;service&quot;:&quot;Home Deep Cleaning&quot;,&quot;propertyType&quot;:&quot;1 BHK&quot;,&quot;date&quot;:&quot;2026-09-01&quot;,&quot;timeSlot&quot;:&quot;10:00 AM&quot;,&quot;customerName&quot;:&quot;TEST_User Regression&quot;,&quot;phone&quot;:&quot;+919999999999&quot;,&quot;email&quot;:&quot;test_regression@example.com&quot;,&quot;address&quot;:&quot;TEST 101, Test Street&quot;,&quot;area&quot;:&quot;Baner&quot;,&quot;totalPrice&quot;:4129,&quot;paymentMethod&quot;:&quot;cash&quot;},&quot;url&quot;:&quot;https://errors.pydantic.dev/2.13/v/missing&quot;},{&quot;type&quot;:&quot;missing&quot;,&quot;loc&quot;:[&quot;body&quot;,&quot;gst&quot;],&quot;msg&quot;:&quot;Field required&quot;,&quot;input&quot;:{&quot;service&quot;:&quot;Home Deep Cleaning&quot;,&quot;propertyType&quot;:&quot;1 BHK&quot;,&quot;date&quot;:&quot;2026-09-01&quot;,&quot;timeSlot&quot;:&quot;10:00 AM&quot;,&quot;customerName&quot;:&quot;TEST_User Regression&quot;,&quot;phone&quot;:&quot;+919999999999&quot;,&quot;email&quot;:&quot;test_regression@example.com&quot;,&quot;address&quot;:&quot;TEST 101, Test Street&quot;,&quot;area&quot;:&quot;Baner&quot;,&quot;totalPrice&quot;:4129,&quot;paymentMethod&quot;:&quot;cash&quot;},&quot;url&quot;:&quot;https://errors.pydantic.dev/2.13/v/missing&quot;},{&quot;type&quot;:&quot;missing&quot;,&quot;loc&quot;:[&quot;body&quot;,&quot;grandTotal&quot;],&quot;msg&quot;:&quot;Field required&quot;,&quot;input&quot;:{&quot;service&quot;:&quot;Home Deep Cleaning&quot;,&quot;propertyType&quot;:&quot;1 BHK&quot;,&quot;date&quot;:&quot;2026-09-01&quot;,&quot;timeSlot&quot;:&quot;10:00 AM&quot;,&quot;customerName&quot;:&quot;TEST_User Regression&quot;,&quot;phone&quot;:&quot;+919999999999&quot;,&quot;email&quot;:&quot;test_regression@example.com&quot;,&quot;address&quot;:&quot;TEST 101, Test Street&quot;,&quot;area&quot;:&quot;Baner&quot;,&quot;totalPrice&quot;:4129,&quot;paymentMethod&quot;:&quot;cash&quot;},&quot;url&quot;:&quot;https://errors.pydantic.dev/2.13/v/missing&quot;}]}&#10;assert 422 == 200&#10; +  where 422 = &lt;Response [422]&gt;.status_code">backend/tests/test_regression_iteration4.py:88: in test_create_booking
    assert resp.status_code == 200, f"Booking failed: {resp.text}"
E   AssertionError: Booking failed: {"detail":[{"type":"missing","loc":["body","location"],"msg":"Field required","input":{"service":"Home Deep Cleaning","propertyType":"1 BHK","date":"2026-09-01","timeSlot":"10:00 AM","customerName":"TEST_User Regression","phone":"+919999999999","email":"test_regression@example.com","address":"TEST 101, Test Street","area":"Baner","totalPrice":4129,"paymentMethod":"cash"},"url":"https://errors.pydantic.dev/2.13/v/missing"},{"type":"missing","loc":["body","time"],"msg":"Field required","input":{"service":"Home Deep Cleaning","propertyType":"1 BHK","date":"2026-09-01","timeSlot":"10:00 AM","customerName":"TEST_User Regression","phone":"+919999999999","email":"test_regression@example.com","address":"TEST 101, Test Street","area":"Baner","totalPrice":4129,"paymentMethod":"cash"},"url":"https://errors.pydantic.dev/2.13/v/missing"},{"type":"missing","loc":["body","mobile"],"msg":"Field required","input":{"service":"Home Deep Cleaning","propertyType":"1 BHK","date":"2026-09-01","timeSlot":"10:00 AM","customerName":"TEST_User Regression","phone":"+919999999999","email":"test_regression@example.com","address":"TEST 101, Test Street","area":"Baner","totalPrice":4129,"paymentMethod":"cash"},"url":"https://errors.pydantic.dev/2.13/v/missing"},{"type":"missing","loc":["body","houseNo"],"msg":"Field required","input":{"service":"Home Deep Cleaning","propertyType":"1 BHK","date":"2026-09-01","timeSlot":"10:00 AM","customerName":"TEST_User Regression","phone":"+919999999999","email":"test_regression@example.com","address":"TEST 101, Test Street","area":"Baner","totalPrice":4129,"paymentMethod":"cash"},"url":"https://errors.pydantic.dev/2.13/v/missing"},{"type":"missing","loc":["body","street"],"msg":"Field required","input":{"service":"Home Deep Cleaning","propertyType":"1 BHK","date":"2026-09-01","timeSlot":"10:00 AM","customerName":"TEST_User Regression","phone":"+919999999999","email":"test_regression@example.com","address":"TEST 101, Test Street","area":"Baner","totalPrice":4129,"paymentMethod":"cash"},"url":"https://errors.pydantic.dev/2.13/v/missing"},{"type":"missing","loc":["body","pincode"],"msg":"Field required","input":{"service":"Home Deep Cleaning","propertyType":"1 BHK","date":"2026-09-01","timeSlot":"10:00 AM","customerName":"TEST_User Regression","phone":"+919999999999","email":"test_regression@example.com","address":"TEST 101, Test Street","area":"Baner","totalPrice":4129,"paymentMethod":"cash"},"url":"https://errors.pydantic.dev/2.13/v/missing"},{"type":"missing","loc":["body","expectedPrice"],"msg":"Field required","input":{"service":"Home Deep Cleaning","propertyType":"1 BHK","date":"2026-09-01","timeSlot":"10:00 AM","customerName":"TEST_User Regression","phone":"+919999999999","email":"test_regression@example.com","address":"TEST 101, Test Street","area":"Baner","totalPrice":4129,"paymentMethod":"cash"},"url":"https://errors.pydantic.dev/2.13/v/missing"},{"type":"missing","loc":["body","gst"],"msg":"Field required","input":{"service":"Home Deep Cleaning","propertyType":"1 BHK","date":"2026-09-01","timeSlot":"10:00 AM","customerName":"TEST_User Regression","phone":"+919999999999","email":"test_regression@example.com","address":"TEST 101, Test Street","area":"Baner","totalPrice":4129,"paymentMethod":"cash"},"url":"https://errors.pydantic.dev/2.13/v/missing"},{"type":"missing","loc":["body","grandTotal"],"msg":"Field required","input":{"service":"Home Deep Cleaning","propertyType":"1 BHK","date":"2026-09-01","timeSlot":"10:00 AM","customerName":"TEST_User Regression","phone":"+919999999999","email":"test_regression@example.com","address":"TEST 101, Test Street","area":"Baner","totalPrice":4129,"paymentMethod":"cash"},"url":"https://errors.pydantic.dev/2.13/v/missing"}]}
E   assert 422 == 200
E    +  where 422 = &lt;Response [422]&gt;.status_code</failure></testcase></testsuite></testsuites>