<?xml version="1.0" encoding="utf-8"?><testsuites name="pytest tests"><testsuite name="pytest" errors="0" failures="0" skipped="0" tests="18" time="2.531" timestamp="2026-06-27T07:37:32.960987+00:00" hostname="agent-env-01dc6193-9f03-410e-9b73-4b3e33ac5ddf"><testcase classname="tests.test_royal_cleaning.TestBookings" name="test_create_booking" time="0.311" /><testcase classname="tests.test_royal_cleaning.TestReviews" name="test_get_approved_reviews" time="0.250" /><testcase classname="tests.test_royal_cleaning.TestReviews" name="test_submit_review" time="0.106" /><testcase classname="tests.test_royal_cleaning.TestBookings" name="test_get_booking" time="0.133" /><testcase classname="tests.test_royal_cleaning.TestReviews" name="test_get_admin_reviews" time="0.597" /><testcase classname="tests.test_royal_cleaning.TestBookings" name="test_get_admin_bookings" time="0.605" /><testcase classname="tests.test_royal_cleaning.TestReviews" name="test_approve_review" time="0.093" /><testcase classname="tests.test_royal_cleaning.TestAuth" name="test_admin_login_success" time="0.343" /><testcase classname="tests.test_royal_cleaning.TestBookings" name="test_update_booking_status" time="0.103" /><testcase classname="tests.test_royal_cleaning.TestServices" name="test_get_services" time="0.235" /><testcase classname="tests.test_royal_cleaning.TestServices" name="test_get_service_by_slug" time="0.322" /><testcase classname="tests.test_royal_cleaning.TestAuth" name="test_login_invalid_credentials" time="0.319" /><testcase classname="tests.test_royal_cleaning.TestAuth" name="test_get_me" time="0.100" /><testcase classname="tests.test_royal_cleaning.TestServices" name="test_get_service_not_found" time="0.092" /><testcase classname="tests.test_royal_cleaning.TestLeads" name="test_create_lead" time="0.103" /><testcase classname="tests.test_royal_cleaning.TestStats" name="test_get_admin_stats" time="0.095" /><testcase classname="tests.test_royal_cleaning.TestStats" name="test_get_timeslots" time="0.090" /><testcase classname="tests.test_royal_cleaning.TestLeads" name="test_get_admin_leads" time="0.094" /></testsuite></testsuites>