<?xml version="1.0" encoding="utf-8"?><testsuites name="pytest tests"><testsuite name="pytest" errors="0" failures="0" skipped="0" tests="5" time="2.247" timestamp="2026-06-27T13:41:56.446505+00:00" hostname="agent-env-01dc6193-9f03-410e-9b73-4b3e33ac5ddf"><testcase classname="tests.test_reviews.TestReviewsAPI" name="test_get_reviews_returns_approved" time="0.251" /><testcase classname="tests.test_reviews.TestReviewsAPI" name="test_post_review_creates_pending" time="0.136" /><testcase classname="tests.test_reviews.TestReviewsAPI" name="test_post_review_missing_required_field" time="0.099" /><testcase classname="tests.test_reviews.TestReviewsAPI" name="test_admin_can_see_pending_reviews" time="0.464" /><testcase classname="tests.test_reviews.TestReviewsAPI" name="test_admin_can_approve_review" time="0.680" /></testsuite></testsuites>